INFO: [VRFC 10-2263] Analyzing SystemVerilog file "/opt/XilinxBroken/Vivado/2016.2/data/ip/xpm/xpm_cdc/hdl/xpm_cdc.sv" into library xil_defaultlib
INFO: [VRFC 10-311] analyzing module xpm_cdc_single
INFO: [VRFC 10-311] analyzing module xpm_cdc_gray
INFO: [VRFC 10-311] analyzing module xpm_cdc_handshake
INFO: [VRFC 10-311] analyzing module xpm_cdc_pulse
INFO: [VRFC 10-311] analyzing module xpm_cdc_array_single
INFO: [VRFC 10-311] analyzing module xpm_cdc_sync_rst
INFO: [VRFC 10-311] analyzing module xpm_cdc_async_rst
INFO: [VRFC 10-2263] Analyzing SystemVerilog file "/opt/XilinxBroken/Vivado/2016.2/data/ip/xpm/xpm_memory/hdl/xpm_memory_base.sv" into library xil_defaultlib
INFO: [VRFC 10-311] analyzing module xpm_memory_base
INFO: [VRFC 10-2263] Analyzing SystemVerilog file "/opt/XilinxBroken/Vivado/2016.2/data/ip/xpm/xpm_memory/hdl/xpm_memory_dpdistram.sv" into library xil_defaultlib
INFO: [VRFC 10-311] analyzing module xpm_memory_dpdistram
INFO: [VRFC 10-2263] Analyzing SystemVerilog file "/opt/XilinxBroken/Vivado/2016.2/data/ip/xpm/xpm_memory/hdl/xpm_memory_dprom.sv" into library xil_defaultlib
INFO: [VRFC 10-311] analyzing module xpm_memory_dprom
INFO: [VRFC 10-2263] Analyzing SystemVerilog file "/opt/XilinxBroken/Vivado/2016.2/data/ip/xpm/xpm_memory/hdl/xpm_memory_sdpram.sv" into library xil_defaultlib
INFO: [VRFC 10-311] analyzing module xpm_memory_sdpram
INFO: [VRFC 10-2263] Analyzing SystemVerilog file "/opt/XilinxBroken/Vivado/2016.2/data/ip/xpm/xpm_memory/hdl/xpm_memory_spram.sv" into library xil_defaultlib
INFO: [VRFC 10-311] analyzing module xpm_memory_spram
INFO: [VRFC 10-2263] Analyzing SystemVerilog file "/opt/XilinxBroken/Vivado/2016.2/data/ip/xpm/xpm_memory/hdl/xpm_memory_sprom.sv" into library xil_defaultlib
INFO: [VRFC 10-311] analyzing module xpm_memory_sprom
INFO: [VRFC 10-2263] Analyzing SystemVerilog file "/opt/XilinxBroken/Vivado/2016.2/data/ip/xpm/xpm_memory/hdl/xpm_memory_tdpram.sv" into library xil_defaultlib
INFO: [VRFC 10-311] analyzing module xpm_memory_tdpram
INFO: [VRFC 10-2263] Analyzing Verilog file "/home/ataberk/cevreleyici_proje/aes_engine_wrapper/aes_engine_wrapper.srcs/sources_1/ip/clk_wiz/clk_wiz_clk_wiz.v" into library xil_defaultlib
INFO: [VRFC 10-311] analyzing module clk_wiz_clk_wiz
INFO: [VRFC 10-2263] Analyzing Verilog file "/home/ataberk/cevreleyici_proje/aes_engine_wrapper/aes_engine_wrapper.srcs/sources_1/ip/clk_wiz/clk_wiz.v" into library xil_defaultlib
INFO: [VRFC 10-311] analyzing module clk_wiz
INFO: [VRFC 10-2263] Analyzing Verilog file "/home/ataberk/cevreleyici_proje/aes_engine_wrapper/aes_engine_wrapper.srcs/sources_1/new/aes_engine.v" into library xil_defaultlib
INFO: [VRFC 10-311] analyzing module aes_engine
INFO: [VRFC 10-2263] Analyzing Verilog file "/home/ataberk/cevreleyici_proje/aes_engine_wrapper/aes_engine_wrapper.srcs/sources_1/new/aes_wrapper.v" into library xil_defaultlib
INFO: [VRFC 10-311] analyzing module aes_wrapper
INFO: [VRFC 10-2263] Analyzing Verilog file "/home/ataberk/cevreleyici_proje/aes_engine_wrapper/aes_engine_wrapper.sim/sim_1/behav/glbl.v" into library xil_defaultlib
INFO: [VRFC 10-311] analyzing module glbl
INFO: [VRFC 10-163] Analyzing VHDL file "/opt/XilinxBroken/Vivado/2016.2/data/ip/xpm/xpm_VCOMP.vhd" into library xpm
