INFO: [VRFC 10-2263] Analyzing Verilog file "C:/Users/SHC/vivado/aes_engine_wrapper/aes_engine_wrapper.sim/sim_1/synth/func/xsim/tb_aes_wrapper_func_synth.v" into library xil_defaultlib
INFO: [VRFC 10-311] analyzing module aes_engine
INFO: [VRFC 10-311] analyzing module aes_wrapper
INFO: [VRFC 10-311] analyzing module bayt_degistirme
INFO: [VRFC 10-311] analyzing module bayt_degistirme_0
INFO: [VRFC 10-311] analyzing module bayt_degistirme_1
INFO: [VRFC 10-311] analyzing module bayt_degistirme_2
INFO: [VRFC 10-311] analyzing module bayt_degistirme_3
INFO: [VRFC 10-311] analyzing module bayt_degistirme_4
INFO: [VRFC 10-311] analyzing module bayt_degistirme_5
INFO: [VRFC 10-311] analyzing module bayt_degistirme_6
INFO: [VRFC 10-311] analyzing module bayt_degistirme_7
INFO: [VRFC 10-311] analyzing module bayt_degistirme_8
INFO: [VRFC 10-311] analyzing module clk_wiz
INFO: [VRFC 10-311] analyzing module clk_wiz_clk_wiz_clk_wiz
INFO: [VRFC 10-311] analyzing module satir_kaydirma
INFO: [VRFC 10-311] analyzing module satir_kaydirma_10
INFO: [VRFC 10-311] analyzing module satir_kaydirma_11
INFO: [VRFC 10-311] analyzing module satir_kaydirma_12
INFO: [VRFC 10-311] analyzing module satir_kaydirma_13
INFO: [VRFC 10-311] analyzing module satir_kaydirma_14
INFO: [VRFC 10-311] analyzing module satir_kaydirma_15
INFO: [VRFC 10-311] analyzing module satir_kaydirma_16
INFO: [VRFC 10-311] analyzing module satir_kaydirma_17
INFO: [VRFC 10-311] analyzing module satir_kaydirma_9
INFO: [VRFC 10-311] analyzing module sutun_karistirma
INFO: [VRFC 10-311] analyzing module sutun_karistirma_18
INFO: [VRFC 10-311] analyzing module sutun_karistirma_19
INFO: [VRFC 10-311] analyzing module sutun_karistirma_20
INFO: [VRFC 10-311] analyzing module sutun_karistirma_21
INFO: [VRFC 10-311] analyzing module sutun_karistirma_22
INFO: [VRFC 10-311] analyzing module sutun_karistirma_23
INFO: [VRFC 10-311] analyzing module sutun_karistirma_24
INFO: [VRFC 10-311] analyzing module sutun_karistirma_25
INFO: [VRFC 10-311] analyzing module tur_anahtari_ile_toplama
INFO: [VRFC 10-311] analyzing module glbl
INFO: [VRFC 10-2263] Analyzing Verilog file "C:/Users/SHC/vivado/aes_engine_wrapper/aes_engine_wrapper.srcs/sim_1/new/tb_aes_wrapper.v" into library xil_defaultlib
INFO: [VRFC 10-311] analyzing module tb_aes_wrapper
